<?xml version="1.0" encoding="UTF-8"?>
<!-- Generated by org.testng.reporters.JUnitReportReporter -->
<testsuite hostname="mucnblo052" failures="0" tests="3" name="com.sogeti.testCases.AssignmentTests" time="45.027" errors="0" timestamp="2023-09-17T22:27:14 CEST" skipped="0">
  <testcase classname="com.sogeti.testCases.AssignmentTests" name="verifyLinksSelected" time="6.742"/>
  <testcase classname="com.sogeti.testCases.AssignmentTests" name="fillContactForm" time="9.993"/>
  <testcase classname="com.sogeti.testCases.AssignmentTests" name="verifyCountriesLink" time="28.292"/>
</testsuite> <!-- com.sogeti.testCases.AssignmentTests -->
