<?xml version="1.0" encoding="UTF-8"?>
<!-- Generated by org.testng.reporters.JUnitReportReporter -->
<testsuite hostname="mucnblo052" failures="0" tests="4" name="com.sogeti.api.tests.ApiAssignmentTests" time="1.245" errors="0" timestamp="2023-09-19T11:34:55 CEST" skipped="0">
  <testcase classname="com.sogeti.api.tests.ApiAssignmentTests" name="apiTest1" time="0.718"/>
  <testcase classname="com.sogeti.api.tests.ApiAssignmentTests" name="apiTest2" time="0.182"/>
  <testcase classname="com.sogeti.api.tests.ApiAssignmentTests" name="apiTest2" time="0.172"/>
  <testcase classname="com.sogeti.api.tests.ApiAssignmentTests" name="apiTest2" time="0.173"/>
</testsuite> <!-- com.sogeti.api.tests.ApiAssignmentTests -->
