<?xml version="1.0" encoding="UTF-8"?>
<!-- Generated by org.testng.reporters.JUnitReportReporter -->
<testsuite hostname="mucnblo052" failures="0" tests="3" name="com.sogeti.UITests.UIAssignmentTests" time="81.281" errors="0" timestamp="2023-09-19T12:58:12 CEST" skipped="0">
  <testcase classname="com.sogeti.UITests.UIAssignmentTests" name="verifyLinksSelected" time="15.792"/>
  <testcase classname="com.sogeti.UITests.UIAssignmentTests" name="fillContactForm" time="13.514"/>
  <testcase classname="com.sogeti.UITests.UIAssignmentTests" name="verifyCountriesLink" time="51.975"/>
</testsuite> <!-- com.sogeti.UITests.UIAssignmentTests -->
